<?xml version="1.0" encoding="UTF-8"?>
<coverage generated="1722450982484" clover="3.2.0">
  <project timestamp="1722450982485" name="All files">
    <metrics statements="45" coveredstatements="45" conditionals="28" coveredconditionals="28" methods="16" coveredmethods="16" elements="89" coveredelements="89" complexity="0" loc="45" ncloc="45" packages="1" files="1" classes="1"/>
    <file name="game.js" path="C:\Users\theia\OneDrive\Desktop\ALE\Programming\jest-testing\game-of-life\game.js">
      <metrics statements="45" coveredstatements="45" conditionals="28" coveredconditionals="28" methods="16" coveredmethods="16"/>
      <line num="2" count="17" type="cond" truecount="2" falsecount="0"/>
      <line num="3" count="2" type="stmt"/>
      <line num="5" count="15" type="cond" truecount="4" falsecount="0"/>
      <line num="6" count="4" type="stmt"/>
      <line num="8" count="11" type="stmt"/>
      <line num="11" count="1" type="stmt"/>
      <line num="13" count="5" type="stmt"/>
      <line num="16" count="152" type="cond" truecount="2" falsecount="0"/>
      <line num="18" count="1" type="stmt"/>
      <line num="19" count="19" type="stmt"/>
      <line num="20" count="19" type="stmt"/>
      <line num="32" count="1" type="stmt"/>
      <line num="33" count="13" type="stmt"/>
      <line num="36" count="1" type="stmt"/>
      <line num="37" count="6" type="stmt"/>
      <line num="38" count="6" type="stmt"/>
      <line num="39" count="6" type="stmt"/>
      <line num="40" count="6" type="stmt"/>
      <line num="42" count="6" type="stmt"/>
      <line num="43" count="15" type="cond" truecount="2" falsecount="0"/>
      <line num="44" count="9" type="stmt"/>
      <line num="45" count="9" type="stmt"/>
      <line num="46" count="9" type="stmt"/>
      <line num="48" count="15" type="stmt"/>
      <line num="49" count="15" type="cond" truecount="2" falsecount="0"/>
      <line num="50" count="15" type="stmt"/>
      <line num="52" count="6" type="stmt"/>
      <line num="53" count="6" type="stmt"/>
      <line num="56" count="1" type="stmt"/>
      <line num="57" count="1" type="stmt"/>
      <line num="58" count="2" type="stmt"/>
      <line num="59" count="2" type="cond" truecount="2" falsecount="0"/>
      <line num="65" count="1" type="stmt"/>
      <line num="66" count="2" type="stmt"/>
      <line num="67" count="8" type="cond" truecount="2" falsecount="0"/>
      <line num="72" count="1" type="stmt"/>
      <line num="73" count="1" type="stmt"/>
      <line num="74" count="1" type="stmt"/>
      <line num="75" count="1" type="stmt"/>
      <line num="76" count="1" type="stmt"/>
      <line num="77" count="1" type="stmt"/>
      <line num="81" count="1" type="stmt"/>
      <line num="82" count="1" type="stmt"/>
      <line num="83" count="1" type="stmt"/>
      <line num="86" count="1" type="stmt"/>
    </file>
  </project>
</coverage>
