{"C:\\Users\\theia\\OneDrive\\Desktop\\ALE\\Programming\\jest-testing\\game-of-life\\game.js": {"path":"C:\\Users\\theia\\OneDrive\\Desktop\\ALE\\Programming\\jest-testing\\game-of-life\\game.js","statementMap":{"0":{"start":{"line":2,"column":2},"end":{"line":4,"column":3}},"1":{"start":{"line":3,"column":4},"end":{"line":3,"column":13}},"2":{"start":{"line":5,"column":2},"end":{"line":7,"column":3}},"3":{"start":{"line":6,"column":4},"end":{"line":6,"column":13}},"4":{"start":{"line":8,"column":2},"end":{"line":8,"column":11}},"5":{"start":{"line":11,"column":17},"end":{"line":14,"column":1}},"6":{"start":{"line":13,"column":2},"end":{"line":13,"column":32}},"7":{"start":{"line":16,"column":12},"end":{"line":16,"column":95}},"8":{"start":{"line":16,"column":25},"end":{"line":16,"column":95}},"9":{"start":{"line":16,"column":63},"end":{"line":16,"column":91}},"10":{"start":{"line":18,"column":23},"end":{"line":30,"column":1}},"11":{"start":{"line":19,"column":16},"end":{"line":19,"column":39}},"12":{"start":{"line":20,"column":2},"end":{"line":29,"column":3}},"13":{"start":{"line":32,"column":19},"end":{"line":34,"column":2}},"14":{"start":{"line":33,"column":2},"end":{"line":33,"column":81}},"15":{"start":{"line":33,"column":36},"end":{"line":33,"column":79}},"16":{"start":{"line":36,"column":17},"end":{"line":54,"column":1}},"17":{"start":{"line":37,"column":16},"end":{"line":37,"column":39}},"18":{"start":{"line":38,"column":15},"end":{"line":38,"column":46}},"19":{"start":{"line":39,"column":20},"end":{"line":39,"column":49}},"20":{"start":{"line":40,"column":2},"end":{"line":40,"column":36}},"21":{"start":{"line":42,"column":2},"end":{"line":51,"column":5}},"22":{"start":{"line":43,"column":4},"end":{"line":47,"column":5}},"23":{"start":{"line":44,"column":6},"end":{"line":44,"column":42}},"24":{"start":{"line":45,"column":6},"end":{"line":45,"column":27}},"25":{"start":{"line":46,"column":6},"end":{"line":46,"column":32}},"26":{"start":{"line":48,"column":19},"end":{"line":48,"column":48}},"27":{"start":{"line":49,"column":4},"end":{"line":49,"column":68}},"28":{"start":{"line":50,"column":4},"end":{"line":50,"column":28}},"29":{"start":{"line":52,"column":2},"end":{"line":52,"column":22}},"30":{"start":{"line":53,"column":2},"end":{"line":53,"column":30}},"31":{"start":{"line":56,"column":31},"end":{"line":63,"column":1}},"32":{"start":{"line":57,"column":2},"end":{"line":62,"column":5}},"33":{"start":{"line":58,"column":22},"end":{"line":58,"column":44}},"34":{"start":{"line":59,"column":4},"end":{"line":61,"column":43}},"35":{"start":{"line":65,"column":24},"end":{"line":68,"column":1}},"36":{"start":{"line":66,"column":2},"end":{"line":67,"column":57}},"37":{"start":{"line":67,"column":17},"end":{"line":67,"column":56}},"38":{"start":{"line":72,"column":14},"end":{"line":79,"column":1}},"39":{"start":{"line":73,"column":2},"end":{"line":73,"column":22}},"40":{"start":{"line":74,"column":19},"end":{"line":74,"column":41}},"41":{"start":{"line":75,"column":2},"end":{"line":78,"column":10}},"42":{"start":{"line":76,"column":4},"end":{"line":76,"column":45}},"43":{"start":{"line":77,"column":4},"end":{"line":77,"column":30}},"44":{"start":{"line":81,"column":13},"end":{"line":84,"column":1}},"45":{"start":{"line":82,"column":2},"end":{"line":82,"column":21}},"46":{"start":{"line":83,"column":2},"end":{"line":83,"column":26}},"47":{"start":{"line":86,"column":0},"end":{"line":96,"column":2}}},"fnMap":{"0":{"name":"isAlive","decl":{"start":{"line":1,"column":9},"end":{"line":1,"column":16}},"loc":{"start":{"line":1,"column":34},"end":{"line":9,"column":1}},"line":1},"1":{"name":"(anonymous_1)","decl":{"start":{"line":11,"column":17},"end":{"line":11,"column":18}},"loc":{"start":{"line":11,"column":24},"end":{"line":14,"column":1}},"line":11},"2":{"name":"(anonymous_2)","decl":{"start":{"line":16,"column":12},"end":{"line":16,"column":13}},"loc":{"start":{"line":16,"column":25},"end":{"line":16,"column":95}},"line":16},"3":{"name":"(anonymous_3)","decl":{"start":{"line":16,"column":37},"end":{"line":16,"column":38}},"loc":{"start":{"line":16,"column":63},"end":{"line":16,"column":91}},"line":16},"4":{"name":"(anonymous_4)","decl":{"start":{"line":18,"column":23},"end":{"line":18,"column":24}},"loc":{"start":{"line":18,"column":41},"end":{"line":30,"column":1}},"line":18},"5":{"name":"(anonymous_5)","decl":{"start":{"line":32,"column":19},"end":{"line":32,"column":20}},"loc":{"start":{"line":32,"column":30},"end":{"line":34,"column":2}},"line":32},"6":{"name":"(anonymous_6)","decl":{"start":{"line":33,"column":19},"end":{"line":33,"column":20}},"loc":{"start":{"line":33,"column":36},"end":{"line":33,"column":79}},"line":33},"7":{"name":"(anonymous_7)","decl":{"start":{"line":36,"column":17},"end":{"line":36,"column":18}},"loc":{"start":{"line":36,"column":28},"end":{"line":54,"column":1}},"line":36},"8":{"name":"(anonymous_8)","decl":{"start":{"line":42,"column":16},"end":{"line":42,"column":17}},"loc":{"start":{"line":42,"column":39},"end":{"line":51,"column":3}},"line":42},"9":{"name":"(anonymous_9)","decl":{"start":{"line":56,"column":31},"end":{"line":56,"column":32}},"loc":{"start":{"line":56,"column":37},"end":{"line":63,"column":1}},"line":56},"10":{"name":"(anonymous_10)","decl":{"start":{"line":57,"column":60},"end":{"line":57,"column":61}},"loc":{"start":{"line":57,"column":69},"end":{"line":62,"column":3}},"line":57},"11":{"name":"(anonymous_11)","decl":{"start":{"line":65,"column":24},"end":{"line":65,"column":25}},"loc":{"start":{"line":65,"column":30},"end":{"line":68,"column":1}},"line":65},"12":{"name":"(anonymous_12)","decl":{"start":{"line":67,"column":9},"end":{"line":67,"column":10}},"loc":{"start":{"line":67,"column":17},"end":{"line":67,"column":56}},"line":67},"13":{"name":"(anonymous_13)","decl":{"start":{"line":72,"column":14},"end":{"line":72,"column":15}},"loc":{"start":{"line":72,"column":20},"end":{"line":79,"column":1}},"line":72},"14":{"name":"(anonymous_14)","decl":{"start":{"line":75,"column":25},"end":{"line":75,"column":26}},"loc":{"start":{"line":75,"column":31},"end":{"line":78,"column":3}},"line":75},"15":{"name":"(anonymous_15)","decl":{"start":{"line":81,"column":13},"end":{"line":81,"column":14}},"loc":{"start":{"line":81,"column":19},"end":{"line":84,"column":1}},"line":81}},"branchMap":{"0":{"loc":{"start":{"line":2,"column":2},"end":{"line":4,"column":3}},"type":"if","locations":[{"start":{"line":2,"column":2},"end":{"line":4,"column":3}},{"start":{},"end":{}}],"line":2},"1":{"loc":{"start":{"line":5,"column":2},"end":{"line":7,"column":3}},"type":"if","locations":[{"start":{"line":5,"column":2},"end":{"line":7,"column":3}},{"start":{},"end":{}}],"line":5},"2":{"loc":{"start":{"line":5,"column":6},"end":{"line":5,"column":38}},"type":"binary-expr","locations":[{"start":{"line":5,"column":6},"end":{"line":5,"column":19}},{"start":{"line":5,"column":23},"end":{"line":5,"column":38}}],"line":5},"3":{"loc":{"start":{"line":16,"column":78},"end":{"line":16,"column":90}},"type":"binary-expr","locations":[{"start":{"line":16,"column":78},"end":{"line":16,"column":85}},{"start":{"line":16,"column":89},"end":{"line":16,"column":90}}],"line":16},"4":{"loc":{"start":{"line":23,"column":4},"end":{"line":23,"column":40}},"type":"cond-expr","locations":[{"start":{"line":23,"column":20},"end":{"line":23,"column":36}},{"start":{"line":23,"column":39},"end":{"line":23,"column":40}}],"line":23},"5":{"loc":{"start":{"line":24,"column":4},"end":{"line":24,"column":48}},"type":"cond-expr","locations":[{"start":{"line":24,"column":20},"end":{"line":24,"column":44}},{"start":{"line":24,"column":47},"end":{"line":24,"column":48}}],"line":24},"6":{"loc":{"start":{"line":25,"column":4},"end":{"line":25,"column":48}},"type":"cond-expr","locations":[{"start":{"line":25,"column":20},"end":{"line":25,"column":44}},{"start":{"line":25,"column":47},"end":{"line":25,"column":48}}],"line":25},"7":{"loc":{"start":{"line":26,"column":4},"end":{"line":26,"column":46}},"type":"cond-expr","locations":[{"start":{"line":26,"column":26},"end":{"line":26,"column":42}},{"start":{"line":26,"column":45},"end":{"line":26,"column":46}}],"line":26},"8":{"loc":{"start":{"line":27,"column":4},"end":{"line":27,"column":54}},"type":"cond-expr","locations":[{"start":{"line":27,"column":26},"end":{"line":27,"column":50}},{"start":{"line":27,"column":53},"end":{"line":27,"column":54}}],"line":27},"9":{"loc":{"start":{"line":28,"column":4},"end":{"line":28,"column":54}},"type":"cond-expr","locations":[{"start":{"line":28,"column":26},"end":{"line":28,"column":50}},{"start":{"line":28,"column":53},"end":{"line":28,"column":54}}],"line":28},"10":{"loc":{"start":{"line":43,"column":4},"end":{"line":47,"column":5}},"type":"if","locations":[{"start":{"line":43,"column":4},"end":{"line":47,"column":5}},{"start":{},"end":{}}],"line":43},"11":{"loc":{"start":{"line":49,"column":31},"end":{"line":49,"column":65}},"type":"cond-expr","locations":[{"start":{"line":49,"column":50},"end":{"line":49,"column":56}},{"start":{"line":49,"column":58},"end":{"line":49,"column":65}}],"line":49},"12":{"loc":{"start":{"line":59,"column":29},"end":{"line":61,"column":42}},"type":"cond-expr","locations":[{"start":{"line":60,"column":8},"end":{"line":60,"column":42}},{"start":{"line":61,"column":8},"end":{"line":61,"column":42}}],"line":59},"13":{"loc":{"start":{"line":67,"column":17},"end":{"line":67,"column":56}},"type":"cond-expr","locations":[{"start":{"line":67,"column":51},"end":{"line":67,"column":52}},{"start":{"line":67,"column":55},"end":{"line":67,"column":56}}],"line":67}},"s":{"0":17,"1":2,"2":15,"3":4,"4":11,"5":1,"6":5,"7":1,"8":19,"9":152,"10":1,"11":19,"12":19,"13":1,"14":4,"15":13,"16":1,"17":6,"18":6,"19":6,"20":6,"21":6,"22":15,"23":9,"24":9,"25":9,"26":15,"27":15,"28":15,"29":6,"30":6,"31":1,"32":1,"33":2,"34":2,"35":1,"36":2,"37":8,"38":1,"39":1,"40":1,"41":1,"42":1,"43":1,"44":1,"45":1,"46":1,"47":1},"f":{"0":17,"1":5,"2":19,"3":152,"4":19,"5":4,"6":13,"7":6,"8":15,"9":1,"10":2,"11":2,"12":8,"13":1,"14":1,"15":1},"b":{"0":[2,15],"1":[4,11],"2":[15,8],"3":[152,122],"4":[9,10],"5":[9,10],"6":[9,10],"7":[9,10],"8":[9,10],"9":[9,10],"10":[9,6],"11":[10,5],"12":[1,1],"13":[4,4]},"_coverageSchema":"1a1c01bbd47fc00a2c39e90264f33305004495a9","hash":"7fd33e2c8f761e9572222493437862a562c058ea"}
}
