TN:
SF:game.js
FN:1,isAlive
FN:11,(anonymous_1)
FN:16,(anonymous_2)
FN:16,(anonymous_3)
FN:18,(anonymous_4)
FN:32,(anonymous_5)
FN:33,(anonymous_6)
FN:36,(anonymous_7)
FN:42,(anonymous_8)
FN:56,(anonymous_9)
FN:57,(anonymous_10)
FN:65,(anonymous_11)
FN:67,(anonymous_12)
FN:72,(anonymous_13)
FN:75,(anonymous_14)
FN:81,(anonymous_15)
FNF:16
FNH:16
FNDA:17,isAlive
FNDA:5,(anonymous_1)
FNDA:19,(anonymous_2)
FNDA:152,(anonymous_3)
FNDA:19,(anonymous_4)
FNDA:4,(anonymous_5)
FNDA:13,(anonymous_6)
FNDA:6,(anonymous_7)
FNDA:15,(anonymous_8)
FNDA:1,(anonymous_9)
FNDA:2,(anonymous_10)
FNDA:2,(anonymous_11)
FNDA:8,(anonymous_12)
FNDA:1,(anonymous_13)
FNDA:1,(anonymous_14)
FNDA:1,(anonymous_15)
DA:2,17
DA:3,2
DA:5,15
DA:6,4
DA:8,11
DA:11,1
DA:13,5
DA:16,152
DA:18,1
DA:19,19
DA:20,19
DA:32,1
DA:33,13
DA:36,1
DA:37,6
DA:38,6
DA:39,6
DA:40,6
DA:42,6
DA:43,15
DA:44,9
DA:45,9
DA:46,9
DA:48,15
DA:49,15
DA:50,15
DA:52,6
DA:53,6
DA:56,1
DA:57,1
DA:58,2
DA:59,2
DA:65,1
DA:66,2
DA:67,8
DA:72,1
DA:73,1
DA:74,1
DA:75,1
DA:76,1
DA:77,1
DA:81,1
DA:82,1
DA:83,1
DA:86,1
LF:45
LH:45
BRDA:2,0,0,2
BRDA:2,0,1,15
BRDA:5,1,0,4
BRDA:5,1,1,11
BRDA:5,2,0,15
BRDA:5,2,1,8
BRDA:16,3,0,152
BRDA:16,3,1,122
BRDA:23,4,0,9
BRDA:23,4,1,10
BRDA:24,5,0,9
BRDA:24,5,1,10
BRDA:25,6,0,9
BRDA:25,6,1,10
BRDA:26,7,0,9
BRDA:26,7,1,10
BRDA:27,8,0,9
BRDA:27,8,1,10
BRDA:28,9,0,9
BRDA:28,9,1,10
BRDA:43,10,0,9
BRDA:43,10,1,6
BRDA:49,11,0,10
BRDA:49,11,1,5
BRDA:59,12,0,1
BRDA:59,12,1,1
BRDA:67,13,0,4
BRDA:67,13,1,4
BRF:28
BRH:28
end_of_record
